  Q1.cpp
c:\users\muratcan\desktop\project\project_2\q1\q1\q1.cpp(100): warning C4996: 'scanf': This function or variable may be unsafe. Consider using scanf_s instead. To disable deprecation, use _CRT_SECURE_NO_WARNINGS. See online help for details.
  c:\program files (x86)\windows kits\10\include\10.0.16299.0\ucrt\stdio.h(1272): note: 'scanf' bildirimine bakın
c:\users\muratcan\desktop\project\project_2\q1\q1\q1.cpp(105): warning C4996: 'scanf': This function or variable may be unsafe. Consider using scanf_s instead. To disable deprecation, use _CRT_SECURE_NO_WARNINGS. See online help for details.
  c:\program files (x86)\windows kits\10\include\10.0.16299.0\ucrt\stdio.h(1272): note: 'scanf' bildirimine bakın
c:\users\muratcan\desktop\project\project_2\q1\q1\q1.cpp(121): warning C4996: 'scanf': This function or variable may be unsafe. Consider using scanf_s instead. To disable deprecation, use _CRT_SECURE_NO_WARNINGS. See online help for details.
  c:\program files (x86)\windows kits\10\include\10.0.16299.0\ucrt\stdio.h(1272): note: 'scanf' bildirimine bakın
c:\users\muratcan\desktop\project\project_2\q1\q1\q1.cpp(123): warning C4996: 'scanf': This function or variable may be unsafe. Consider using scanf_s instead. To disable deprecation, use _CRT_SECURE_NO_WARNINGS. See online help for details.
  c:\program files (x86)\windows kits\10\include\10.0.16299.0\ucrt\stdio.h(1272): note: 'scanf' bildirimine bakın
c:\users\muratcan\desktop\project\project_2\q1\q1\q1.cpp(125): warning C4996: 'scanf': This function or variable may be unsafe. Consider using scanf_s instead. To disable deprecation, use _CRT_SECURE_NO_WARNINGS. See online help for details.
  c:\program files (x86)\windows kits\10\include\10.0.16299.0\ucrt\stdio.h(1272): note: 'scanf' bildirimine bakın
c:\users\muratcan\desktop\project\project_2\q1\q1\q1.cpp(127): warning C4996: 'scanf': This function or variable may be unsafe. Consider using scanf_s instead. To disable deprecation, use _CRT_SECURE_NO_WARNINGS. See online help for details.
  c:\program files (x86)\windows kits\10\include\10.0.16299.0\ucrt\stdio.h(1272): note: 'scanf' bildirimine bakın
c:\users\muratcan\desktop\project\project_2\q1\q1\q1.cpp(129): warning C4996: 'scanf': This function or variable may be unsafe. Consider using scanf_s instead. To disable deprecation, use _CRT_SECURE_NO_WARNINGS. See online help for details.
  c:\program files (x86)\windows kits\10\include\10.0.16299.0\ucrt\stdio.h(1272): note: 'scanf' bildirimine bakın
c:\users\muratcan\desktop\project\project_2\q1\q1\q1.cpp(117): warning C4101: 'line': yerel değişken başvurusu kaldırıldı
c:\users\muratcan\desktop\project\project_2\q1\q1\q1.cpp(116): warning C4101: 'temp': yerel değişken başvurusu kaldırıldı
c:\users\muratcan\desktop\project\project_2\q1\q1\q1.cpp(194): warning C4996: 'ctime': This function or variable may be unsafe. Consider using ctime_s instead. To disable deprecation, use _CRT_SECURE_NO_WARNINGS. See online help for details.
  c:\program files (x86)\windows kits\10\include\10.0.16299.0\ucrt\time.h(475): note: 'ctime' bildirimine bakın
c:\users\muratcan\desktop\project\project_2\q1\q1\q1.cpp(197): warning C4996: 'ctime': This function or variable may be unsafe. Consider using ctime_s instead. To disable deprecation, use _CRT_SECURE_NO_WARNINGS. See online help for details.
  c:\program files (x86)\windows kits\10\include\10.0.16299.0\ucrt\time.h(475): note: 'ctime' bildirimine bakın
c:\users\muratcan\desktop\project\project_2\q1\q1\q1.cpp(221): warning C4996: 'scanf': This function or variable may be unsafe. Consider using scanf_s instead. To disable deprecation, use _CRT_SECURE_NO_WARNINGS. See online help for details.
  c:\program files (x86)\windows kits\10\include\10.0.16299.0\ucrt\stdio.h(1272): note: 'scanf' bildirimine bakın
  Q1.vcxproj -> C:\Users\Muratcan\Desktop\project\Project_2\Q1\Debug\Q1.exe
